CRITICAL - 2023-06-20 00:34:49 --> Call to undefined method CodeIgniter\View\View::extends()
in APPPATH\Views\pages\home.php on line 1.
 1 SYSTEMPATH\View\View.php(213): include()
 2 SYSTEMPATH\View\View.php(216): CodeIgniter\View\View->CodeIgniter\View\{closure}()
 3 SYSTEMPATH\Common.php(1184): CodeIgniter\View\View->render('pages/home', [], true)
 4 APPPATH\Controllers\Pages.php(12): view('pages/home', [...])
 5 SYSTEMPATH\CodeIgniter.php(934): App\Controllers\Pages->index()
 6 SYSTEMPATH\CodeIgniter.php(499): CodeIgniter\CodeIgniter->runController(Object(App\Controllers\Pages))
 7 SYSTEMPATH\CodeIgniter.php(368): CodeIgniter\CodeIgniter->handleRequest(null, Object(Config\Cache), false)
 8 FCPATH\index.php(67): CodeIgniter\CodeIgniter->run()
 9 SYSTEMPATH\Commands\Server\rewrite.php(47): require_once('C:\\xampp\\htdocs\\ci4app\\public\\index.php')
CRITICAL - 2023-06-20 01:45:31 --> Undefined index: cover
in APPPATH\Views\komik\index.php on line 21.
 1 APPPATH\Views\komik\index.php(21): CodeIgniter\Debug\Exceptions->errorHandler(8, 'Undefined index: cover', 'C:\\xampp\\htdocs\\ci4app\\app\\Views\\komik\\index.php', 21, [...])
 2 SYSTEMPATH\View\View.php(224): include('C:\\xampp\\htdocs\\ci4app\\app\\Views\\komik\\index.php')
 3 SYSTEMPATH\View\View.php(227): CodeIgniter\View\View->CodeIgniter\View\{closure}()
 4 SYSTEMPATH\Common.php(1180): CodeIgniter\View\View->render('komik/index', [], true)
 5 APPPATH\Controllers\Komik.php(24): view('komik/index', [...])
 6 SYSTEMPATH\CodeIgniter.php(932): App\Controllers\Komik->index()
 7 SYSTEMPATH\CodeIgniter.php(497): CodeIgniter\CodeIgniter->runController(Object(App\Controllers\Komik))
 8 SYSTEMPATH\CodeIgniter.php(366): CodeIgniter\CodeIgniter->handleRequest(null, Object(Config\Cache), false)
 9 FCPATH\index.php(67): CodeIgniter\CodeIgniter->run()
10 SYSTEMPATH\Commands\Server\rewrite.php(47): require_once('C:\\xampp\\htdocs\\ci4app\\public\\index.php')
CRITICAL - 2023-06-20 01:45:47 --> Undefined index: cover
in APPPATH\Views\komik\index.php on line 21.
 1 APPPATH\Views\komik\index.php(21): CodeIgniter\Debug\Exceptions->errorHandler(8, 'Undefined index: cover', 'C:\\xampp\\htdocs\\ci4app\\app\\Views\\komik\\index.php', 21, [...])
 2 SYSTEMPATH\View\View.php(224): include('C:\\xampp\\htdocs\\ci4app\\app\\Views\\komik\\index.php')
 3 SYSTEMPATH\View\View.php(227): CodeIgniter\View\View->CodeIgniter\View\{closure}()
 4 SYSTEMPATH\Common.php(1180): CodeIgniter\View\View->render('komik/index', [], true)
 5 APPPATH\Controllers\Komik.php(24): view('komik/index', [...])
 6 SYSTEMPATH\CodeIgniter.php(932): App\Controllers\Komik->index()
 7 SYSTEMPATH\CodeIgniter.php(497): CodeIgniter\CodeIgniter->runController(Object(App\Controllers\Komik))
 8 SYSTEMPATH\CodeIgniter.php(366): CodeIgniter\CodeIgniter->handleRequest(null, Object(Config\Cache), false)
 9 FCPATH\index.php(67): CodeIgniter\CodeIgniter->run()
10 SYSTEMPATH\Commands\Server\rewrite.php(47): require_once('C:\\xampp\\htdocs\\ci4app\\public\\index.php')
CRITICAL - 2023-06-20 01:49:16 --> Undefined variable: i
in APPPATH\Views\komik\index.php on line 21.
 1 APPPATH\Views\komik\index.php(21): CodeIgniter\Debug\Exceptions->errorHandler(8, 'Undefined variable: i', 'C:\\xampp\\htdocs\\ci4app\\app\\Views\\komik\\index.php', 21, [...])
 2 SYSTEMPATH\View\View.php(224): include('C:\\xampp\\htdocs\\ci4app\\app\\Views\\komik\\index.php')
 3 SYSTEMPATH\View\View.php(227): CodeIgniter\View\View->CodeIgniter\View\{closure}()
 4 SYSTEMPATH\Common.php(1180): CodeIgniter\View\View->render('komik/index', [], true)
 5 APPPATH\Controllers\Komik.php(24): view('komik/index', [...])
 6 SYSTEMPATH\CodeIgniter.php(932): App\Controllers\Komik->index()
 7 SYSTEMPATH\CodeIgniter.php(497): CodeIgniter\CodeIgniter->runController(Object(App\Controllers\Komik))
 8 SYSTEMPATH\CodeIgniter.php(366): CodeIgniter\CodeIgniter->handleRequest(null, Object(Config\Cache), false)
 9 FCPATH\index.php(67): CodeIgniter\CodeIgniter->run()
10 SYSTEMPATH\Commands\Server\rewrite.php(47): require_once('C:\\xampp\\htdocs\\ci4app\\public\\index.php')
